<?xml version="1.0" encoding="UTF-8"?>
<testsuite xmlns:xsi="http://www.w3.org/2001/XMLSchema-instance" xsi:noNamespaceSchemaLocation="https://maven.apache.org/surefire/maven-surefire-plugin/xsd/surefire-test-report-3.0.xsd" version="3.0" name="com.examly.springapp.SpringappApplicationTests" time="4.933" tests="80" errors="0" skipped="0" failures="0">
  <properties>
[...]
</properties>
  <testcase name="Day3_test_Controller_Directory_Exists" classname="com.examly.springapp.SpringappApplicationTests" time="0.146">
    <system-out><![CDATA[17:55:10.358 [main] DEBUG org.springframework.boot.test.context.SpringBootTestContextBootstrapper - Neither @ContextConfiguration nor @ContextHierarchy found for test class [SpringappApplicationTests]: using SpringBootContextLoader
17:55:10.361 [main] DEBUG org.springframework.test.context.support.AbstractContextLoader - Could not detect default resource locations for test class [com.examly.springapp.SpringappApplicationTests]: no resource found for suffixes {-context.xml, Context.groovy}.
17:55:10.361 [main] INFO org.springframework.test.context.support.AnnotationConfigContextLoaderUtils - Could not detect default configuration classes for test class [com.examly.springapp.SpringappApplicationTests]: SpringappApplicationTests does not declare any static, non-private, non-final, nested classes annotated with @Configuration.
17:55:10.388 [main] DEBUG org.springframework.boot.test.context.SpringBootTestContextBootstrapper - Using ContextCustomizers for test class [SpringappApplicationTests]: [ImportsContextCustomizer, ExcludeFilterContextCustomizer, DuplicateJsonObjectContextCustomizer, MockitoContextCustomizer, TestRestTemplateContextCustomizer, DisableObservabilityContextCustomizer, PropertyMappingContextCustomizer, Customizer]
17:55:10.436 [main] DEBUG org.springframework.context.annotation.ClassPathScanningCandidateComponentProvider - Identified candidate component class: file [/home/coder/project/workspace/springapp/target/classes/com/examly/springapp/SpringappApplication.class]
17:55:10.437 [main] INFO org.springframework.boot.test.context.SpringBootTestContextBootstrapper - Found @SpringBootConfiguration com.examly.springapp.SpringappApplication for test class com.examly.springapp.SpringappApplicationTests
17:55:10.504 [main] DEBUG org.springframework.boot.test.context.SpringBootTestContextBootstrapper - Using TestExecutionListeners for test class [SpringappApplicationTests]: [ServletTestExecutionListener, DirtiesContextBeforeModesTestExecutionListener, ApplicationEventsTestExecutionListener, MockitoTestExecutionListener, DependencyInjectionTestExecutionListener, DirtiesContextTestExecutionListener, TransactionalTestExecutionListener, SqlScriptsTestExecutionListener, EventPublishingTestExecutionListener, ResetMocksTestExecutionListener, RestDocsTestExecutionListener, MockRestServiceServerResetTestExecutionListener, MockMvcPrintOnlyOnFailureTestExecutionListener, WebDriverTestExecutionListener, MockWebServiceServerTestExecutionListener]
17:55:10.505 [main] DEBUG org.springframework.test.context.support.AbstractDirtiesContextTestExecutionListener - Before test class: class [SpringappApplicationTests], class annotated with @DirtiesContext [false] with mode [null]

  .   ____          _            __ _ _
 /\\ / ___'_ __ _ _(_)_ __  __ _ \ \ \ \
( ( )\___ | '_ | '_| | '_ \/ _` | \ \ \ \
 \\/  ___)| |_)| | | | | || (_| |  ) ) ) )
  '  |____| .__|_| |_|_| |_\__, | / / / /
 =========|_|==============|___/=/_/_/_/
 :: Spring Boot ::                (v3.0.1)

2025-12-27T17:55:10.731Z  INFO 16249 --- [           main] c.e.springapp.SpringappApplicationTests  : Starting SpringappApplicationTests using Java 17.0.17 with PID 16249 (started by coder in /home/coder/project/workspace/springapp)
2025-12-27T17:55:10.732Z  INFO 16249 --- [           main] c.e.springapp.SpringappApplicationTests  : No active profile set, falling back to 1 default profile: "default"
2025-12-27T17:55:11.239Z  INFO 16249 --- [           main] .s.d.r.c.RepositoryConfigurationDelegate : Bootstrapping Spring Data JPA repositories in DEFAULT mode.
2025-12-27T17:55:11.290Z  INFO 16249 --- [           main] .s.d.r.c.RepositoryConfigurationDelegate : Finished Spring Data repository scanning in 44 ms. Found 5 JPA repository interfaces.
2025-12-27T17:55:11.734Z  INFO 16249 --- [           main] o.hibernate.jpa.internal.util.LogHelper  : HHH000204: Processing PersistenceUnitInfo [name: default]
2025-12-27T17:55:11.764Z  INFO 16249 --- [           main] org.hibernate.Version                    : HHH000412: Hibernate ORM core version 6.1.6.Final
2025-12-27T17:55:11.884Z  WARN 16249 --- [           main] org.hibernate.orm.deprecation            : HHH90000021: Encountered deprecated setting [javax.persistence.sharedCache.mode], use [jakarta.persistence.sharedCache.mode] instead
2025-12-27T17:55:11.985Z  INFO 16249 --- [           main] com.zaxxer.hikari.HikariDataSource       : HikariPool-1 - Starting...
2025-12-27T17:55:12.114Z  INFO 16249 --- [           main] com.zaxxer.hikari.pool.HikariPool        : HikariPool-1 - Added connection com.mysql.cj.jdbc.ConnectionImpl@5ed25612
2025-12-27T17:55:12.116Z  INFO 16249 --- [           main] com.zaxxer.hikari.HikariDataSource       : HikariPool-1 - Start completed.
2025-12-27T17:55:12.128Z  INFO 16249 --- [           main] SQL dialect                              : HHH000400: Using dialect: org.hibernate.dialect.MySQL8Dialect
2025-12-27T17:55:12.128Z  WARN 16249 --- [           main] org.hibernate.orm.deprecation            : HHH90000026: MySQL8Dialect has been deprecated; use org.hibernate.dialect.MySQLDialect instead
Hibernate: alter table booking drop foreign key FKjn3lsroa8t8h7x5sld9b0ru2u
Hibernate: alter table booking drop foreign key FKq83pan5xy2a6rn0qsl9bckqai
Hibernate: alter table payment drop foreign key FKrfa1skvg2qhkwkwl73eedk2mu
Hibernate: alter table room drop foreign key FKhl143ritc99ykq2eknvhrqv7e
Hibernate: drop table if exists booking
Hibernate: drop table if exists guest
Hibernate: drop table if exists payment
Hibernate: drop table if exists room
Hibernate: drop table if exists room_category
Hibernate: create table booking (booking_id bigint not null auto_increment, check_in_date varchar(255), check_out_date varchar(255), guest_id bigint, room_id bigint, primary key (booking_id)) engine=InnoDB
Hibernate: create table guest (guest_id bigint not null auto_increment, email varchar(255), name varchar(255), phone varchar(255), primary key (guest_id)) engine=InnoDB
Hibernate: create table payment (payment_id bigint not null auto_increment, amount float(53), payment_method varchar(255), booking_booking_id bigint, primary key (payment_id)) engine=InnoDB
Hibernate: create table room (room_id bigint not null auto_increment, available bit not null, price_per_night float(53) not null, room_number varchar(255), room_category_category_id bigint, primary key (room_id)) engine=InnoDB
Hibernate: create table room_category (category_id bigint not null auto_increment, category_name varchar(255), primary key (category_id)) engine=InnoDB
Hibernate: alter table booking add constraint FKjn3lsroa8t8h7x5sld9b0ru2u foreign key (guest_id) references guest (guest_id)
Hibernate: alter table booking add constraint FKq83pan5xy2a6rn0qsl9bckqai foreign key (room_id) references room (room_id)
Hibernate: alter table payment add constraint FKrfa1skvg2qhkwkwl73eedk2mu foreign key (booking_booking_id) references booking (booking_id)
Hibernate: alter table room add constraint FKhl143ritc99ykq2eknvhrqv7e foreign key (room_category_category_id) references room_category (category_id)
2025-12-27T17:55:12.983Z  INFO 16249 --- [           main] o.h.e.t.j.p.i.JtaPlatformInitiator       : HHH000490: Using JtaPlatform implementation: [org.hibernate.engine.transaction.jta.platform.internal.NoJtaPlatform]
2025-12-27T17:55:12.990Z  INFO 16249 --- [           main] j.LocalContainerEntityManagerFactoryBean : Initialized JPA EntityManagerFactory for persistence unit 'default'
2025-12-27T17:55:13.799Z  WARN 16249 --- [           main] JpaBaseConfiguration$JpaWebConfiguration : spring.jpa.open-in-view is enabled by default. Therefore, database queries may be performed during view rendering. Explicitly configure spring.jpa.open-in-view to disable this warning
2025-12-27T17:55:14.295Z  INFO 16249 --- [           main] o.s.b.t.m.w.SpringBootMockServletContext : Initializing Spring TestDispatcherServlet ''
2025-12-27T17:55:14.295Z  INFO 16249 --- [           main] o.s.t.web.servlet.TestDispatcherServlet  : Initializing Servlet ''
2025-12-27T17:55:14.297Z  INFO 16249 --- [           main] o.s.t.web.servlet.TestDispatcherServlet  : Completed initialization in 1 ms
2025-12-27T17:55:14.313Z  INFO 16249 --- [           main] c.e.springapp.SpringappApplicationTests  : Started SpringappApplicationTests in 3.778 seconds (process running for 4.51)
]]></system-out>
  </testcase>
  <testcase name="Day3_test_Model_Directory_Exists" classname="com.examly.springapp.SpringappApplicationTests" time="0.003"/>
  <testcase name="Day3_test_Service_Directory_Exists" classname="com.examly.springapp.SpringappApplicationTests" time="0.003"/>
  <testcase name="Day3_test_Repository_Directory_Exists" classname="com.examly.springapp.SpringappApplicationTests" time="0.002"/>
  <testcase name="Day4_test_RoomCategoryModel_File_Exists" classname="com.examly.springapp.SpringappApplicationTests" time="0.002"/>
  <testcase name="Day4_test_RoomModel_File_Exists" classname="com.examly.springapp.SpringappApplicationTests" time="0.002"/>
  <testcase name="Day4_test_BookingModel_File_Exists" classname="com.examly.springapp.SpringappApplicationTests" time="0.002"/>
  <testcase name="Day4_test_GuestModel_File_Exists" classname="com.examly.springapp.SpringappApplicationTests" time="0.007"/>
  <testcase name="Day4_test_PaymentModel_File_Exists" classname="com.examly.springapp.SpringappApplicationTests" time="0.003"/>
  <testcase name="Day4_test_Room_Has_Entity_Annotation" classname="com.examly.springapp.SpringappApplicationTests" time="0.003"/>
  <testcase name="Day4_test_Room_Has_Id_Annotation_On_Field" classname="com.examly.springapp.SpringappApplicationTests" time="0.003"/>
  <testcase name="Day5_testRoomCategoryRepo_File_Exists" classname="com.examly.springapp.SpringappApplicationTests" time="0.002"/>
  <testcase name="Day5_testRoomRepo_File_Exists" classname="com.examly.springapp.SpringappApplicationTests" time="0.003"/>
  <testcase name="Day5_testGuestRepo_File_Exists" classname="com.examly.springapp.SpringappApplicationTests" time="0.002"/>
  <testcase name="Day5_testBookingRepo_File_Exists" classname="com.examly.springapp.SpringappApplicationTests" time="0.002"/>
  <testcase name="Day5_testPaymentRepo_File_Exists" classname="com.examly.springapp.SpringappApplicationTests" time="0.002"/>
  <testcase name="Day5_test_RoomRepo_Has_Repository_Annotation" classname="com.examly.springapp.SpringappApplicationTests" time="0.002"/>
  <testcase name="Day5_test_RoomCategoryRepo_Has_Repository_Annotation" classname="com.examly.springapp.SpringappApplicationTests" time="0.002"/>
  <testcase name="Day5_test_GuestRepo_Has_Repository_Annotation" classname="com.examly.springapp.SpringappApplicationTests" time="0.003"/>
  <testcase name="Day5_test_BookingRepo_Has_Repository_Annotation" classname="com.examly.springapp.SpringappApplicationTests" time="0.003"/>
  <testcase name="Day5_test_PaymentRepo_Has_Repository_Annotation" classname="com.examly.springapp.SpringappApplicationTests" time="0.002"/>
  <testcase name="Day6_test_RoomCategoryController_File_Exists" classname="com.examly.springapp.SpringappApplicationTests" time="0.002"/>
  <testcase name="Day6_test_RoomController_File_Exists" classname="com.examly.springapp.SpringappApplicationTests" time="0.002"/>
  <testcase name="Day6_test_GuestController_File_Exists" classname="com.examly.springapp.SpringappApplicationTests" time="0.01"/>
  <testcase name="Day6_test_BookingController_File_Exists" classname="com.examly.springapp.SpringappApplicationTests" time="0.002"/>
  <testcase name="Day6_test_PaymentController_File_Exists" classname="com.examly.springapp.SpringappApplicationTests" time="0.003"/>
  <testcase name="Day6_test_RoomCategoryController_Has_RestController_Annotation" classname="com.examly.springapp.SpringappApplicationTests" time="0.002"/>
  <testcase name="Day6_test_RoomController_Has_RestController_Annotation" classname="com.examly.springapp.SpringappApplicationTests" time="0.002"/>
  <testcase name="Day6_test_RoomCategoryController_Has_PostMapping" classname="com.examly.springapp.SpringappApplicationTests" time="0.003"/>
  <testcase name="Day6_test_RoomCategoryController_Has_GetMapping" classname="com.examly.springapp.SpringappApplicationTests" time="0.003"/>
  <testcase name="Day6_test_RoomCategoryController_Has_PutMapping" classname="com.examly.springapp.SpringappApplicationTests" time="0.002"/>
  <testcase name="Day6_test_RoomCategoryController_Has_DeleteMapping" classname="com.examly.springapp.SpringappApplicationTests" time="0.002"/>
  <testcase name="Day6_testCreateCategory_NoBody_StatusBadRequest" classname="com.examly.springapp.SpringappApplicationTests" time="0.08">
    <system-out><![CDATA[[BEFORE] 2025-12-27T17:55:14.657661073 | Method: RoomCategoryController.createCategory(..) | Arguments: [null]
[AFTER SUCCESS] 2025-12-27T17:55:14.659105765 | Method: RoomCategoryController.createCategory(..) | Returned: <400 BAD_REQUEST Bad Request,[]>
]]></system-out>
  </testcase>
  <testcase name="Day6_testGetAllCategories_StatusNoContent" classname="com.examly.springapp.SpringappApplicationTests" time="0.081">
    <system-out><![CDATA[[BEFORE] 2025-12-27T17:55:14.675603454 | Method: RoomCategoryController.getAllCategories() | Arguments: []
Hibernate: select r1_0.category_id,r1_0.category_name from room_category r1_0
[PERFORMANCE] Method: RoomCategoryServiceImpl.getAll() | Time Taken: 75 ms
[AFTER SUCCESS] 2025-12-27T17:55:14.751320600 | Method: RoomCategoryController.getAllCategories() | Returned: <204 NO_CONTENT No Content,[]>
]]></system-out>
  </testcase>
  <testcase name="Day6_testGetCategoryById_StatusNotFound" classname="com.examly.springapp.SpringappApplicationTests" time="0.019">
    <system-out><![CDATA[[BEFORE] 2025-12-27T17:55:14.759219127 | Method: RoomCategoryController.getCategoryById(..) | Arguments: [999]
Hibernate: select r1_0.category_id,r1_0.category_name from room_category r1_0 where r1_0.category_id=?
[PERFORMANCE] Method: RoomCategoryServiceImpl.getById(..) | Time Taken: 8 ms
[AFTER SUCCESS] 2025-12-27T17:55:14.767730719 | Method: RoomCategoryController.getCategoryById(..) | Returned: <404 NOT_FOUND Not Found,Room category not found,[]>
]]></system-out>
  </testcase>
  <testcase name="Day7_test_RoomCategoryController_Has_RequestMapping" classname="com.examly.springapp.SpringappApplicationTests" time="0.002"/>
  <testcase name="Day7_test_RoomCategoryController_Has_PathVariable" classname="com.examly.springapp.SpringappApplicationTests" time="0.002"/>
  <testcase name="Day7_test_RoomController_Has_RequestMapping" classname="com.examly.springapp.SpringappApplicationTests" time="0.001"/>
  <testcase name="Day7_test_BookingController_Has_RequestMapping" classname="com.examly.springapp.SpringappApplicationTests" time="0.002"/>
  <testcase name="Day7_test_RoomController_Has_PathVariable" classname="com.examly.springapp.SpringappApplicationTests" time="0.002"/>
  <testcase name="Day7_test_BookingController_Has_PathVariable" classname="com.examly.springapp.SpringappApplicationTests" time="0.002"/>
  <testcase name="Day7_test_PaymentController_Has_RequestMapping" classname="com.examly.springapp.SpringappApplicationTests" time="0.002"/>
  <testcase name="Day8_test_RoomCategoryService_File_Exists" classname="com.examly.springapp.SpringappApplicationTests" time="0.002"/>
  <testcase name="Day8_test_RoomService_File_Exists" classname="com.examly.springapp.SpringappApplicationTests" time="0.002"/>
  <testcase name="Day8_test_GuestService_File_Exists" classname="com.examly.springapp.SpringappApplicationTests" time="0.001"/>
  <testcase name="Day8_test_BookingService_File_Exists" classname="com.examly.springapp.SpringappApplicationTests" time="0.001"/>
  <testcase name="Day8_test_PaymentService_File_Exists" classname="com.examly.springapp.SpringappApplicationTests" time="0.001"/>
  <testcase name="Day8_test_RoomCategoryServiceImpl_File_Exists" classname="com.examly.springapp.SpringappApplicationTests" time="0.001"/>
  <testcase name="Day8_test_RoomServiceImpl_File_Exists" classname="com.examly.springapp.SpringappApplicationTests" time="0.002"/>
  <testcase name="Day8_test_GuestServiceImpl_File_Exists" classname="com.examly.springapp.SpringappApplicationTests" time="0.002"/>
  <testcase name="Day8_test_BookingServiceImpl_File_Exists" classname="com.examly.springapp.SpringappApplicationTests" time="0.002"/>
  <testcase name="Day8_test_PaymentServiceImpl_File_Exists" classname="com.examly.springapp.SpringappApplicationTests" time="0.001"/>
  <testcase name="Day8_testAddRoomCategory" classname="com.examly.springapp.SpringappApplicationTests" time="0.062">
    <system-out><![CDATA[[BEFORE] 2025-12-27T17:55:14.819810543 | Method: RoomCategoryController.createCategory(..) | Arguments: [com.examly.springapp.model.RoomCategory@402adc9c]
Hibernate: insert into room_category (category_name) values (?)
[PERFORMANCE] Method: RoomCategoryServiceImpl.save(..) | Time Taken: 22 ms
[AFTER SUCCESS] 2025-12-27T17:55:14.841140411 | Method: RoomCategoryController.createCategory(..) | Returned: <201 CREATED Created,com.examly.springapp.model.RoomCategory@402adc9c,[]>
]]></system-out>
  </testcase>
  <testcase name="Day8_testGetAllRoomCategories" classname="com.examly.springapp.SpringappApplicationTests" time="0.014">
    <system-out><![CDATA[[BEFORE] 2025-12-27T17:55:14.875640759 | Method: RoomCategoryController.getAllCategories() | Arguments: []
Hibernate: select r1_0.category_id,r1_0.category_name from room_category r1_0
[PERFORMANCE] Method: RoomCategoryServiceImpl.getAll() | Time Taken: 7 ms
[AFTER SUCCESS] 2025-12-27T17:55:14.882353140 | Method: RoomCategoryController.getAllCategories() | Returned: <200 OK OK,[com.examly.springapp.model.RoomCategory@50ba19df],[]>
]]></system-out>
  </testcase>
  <testcase name="Day8_testGetRoomCategoryById" classname="com.examly.springapp.SpringappApplicationTests" time="0.008">
    <system-out><![CDATA[[BEFORE] 2025-12-27T17:55:14.891035103 | Method: RoomCategoryController.getCategoryById(..) | Arguments: [1]
Hibernate: select r1_0.category_id,r1_0.category_name from room_category r1_0 where r1_0.category_id=?
[PERFORMANCE] Method: RoomCategoryServiceImpl.getById(..) | Time Taken: 2 ms
[AFTER SUCCESS] 2025-12-27T17:55:14.893835758 | Method: RoomCategoryController.getCategoryById(..) | Returned: <200 OK OK,com.examly.springapp.model.RoomCategory@12922d53,[]>
]]></system-out>
  </testcase>
  <testcase name="Day8_testUpdateRoomCategory" classname="com.examly.springapp.SpringappApplicationTests" time="0.015">
    <system-out><![CDATA[[BEFORE] 2025-12-27T17:55:14.900081571 | Method: RoomCategoryController.updateCategory(..) | Arguments: [1, com.examly.springapp.model.RoomCategory@7c07deff]
Hibernate: select r1_0.category_id,r1_0.category_name from room_category r1_0 where r1_0.category_id=?
Hibernate: update room_category set category_name=? where category_id=?
[PERFORMANCE] Method: RoomCategoryServiceImpl.update(..) | Time Taken: 9 ms
[AFTER SUCCESS] 2025-12-27T17:55:14.909562013 | Method: RoomCategoryController.updateCategory(..) | Returned: <200 OK OK,com.examly.springapp.model.RoomCategory@47d7e8b5,[]>
]]></system-out>
  </testcase>
  <testcase name="Day9_testPagination_PageNumberApplied" classname="com.examly.springapp.SpringappApplicationTests" time="0.03">
    <system-out><![CDATA[[BEFORE] 2025-12-27T17:55:14.916229158 | Method: RoomCategoryController.paginateCategories(..) | Arguments: [0, 5]
Hibernate: select r1_0.category_id,r1_0.category_name from room_category r1_0 order by r1_0.category_id asc limit ?,?
[AFTER SUCCESS] 2025-12-27T17:55:14.928602390 | Method: RoomCategoryController.paginateCategories(..) | Returned: Page 1 of 1 containing com.examly.springapp.model.RoomCategory instances
]]></system-out>
  </testcase>
  <testcase name="Day9_testPagination_PageSizeApplied" classname="com.examly.springapp.SpringappApplicationTests" time="0.011">
    <system-out><![CDATA[[BEFORE] 2025-12-27T17:55:14.946804623 | Method: RoomCategoryController.paginateCategories(..) | Arguments: [1, 10]
Hibernate: select r1_0.category_id,r1_0.category_name from room_category r1_0 order by r1_0.category_id asc limit ?,?
Hibernate: select count(r1_0.category_id) from room_category r1_0
[AFTER SUCCESS] 2025-12-27T17:55:14.953134628 | Method: RoomCategoryController.paginateCategories(..) | Returned: Page 2 of 1 containing UNKNOWN instances
]]></system-out>
  </testcase>
  <testcase name="Day9_testPagination_SortingPresent" classname="com.examly.springapp.SpringappApplicationTests" time="0.01">
    <system-out><![CDATA[[BEFORE] 2025-12-27T17:55:14.958744380 | Method: RoomCategoryController.paginateCategories(..) | Arguments: [0, 5]
Hibernate: select r1_0.category_id,r1_0.category_name from room_category r1_0 order by r1_0.category_id asc limit ?,?
[AFTER SUCCESS] 2025-12-27T17:55:14.961981215 | Method: RoomCategoryController.paginateCategories(..) | Returned: Page 1 of 1 containing com.examly.springapp.model.RoomCategory instances
]]></system-out>
  </testcase>
  <testcase name="Day9_testPagination_ContentArrayExists" classname="com.examly.springapp.SpringappApplicationTests" time="0.008">
    <system-out><![CDATA[[BEFORE] 2025-12-27T17:55:14.969150059 | Method: RoomCategoryController.paginateCategories(..) | Arguments: [0, 5]
Hibernate: select r1_0.category_id,r1_0.category_name from room_category r1_0 order by r1_0.category_id asc limit ?,?
[AFTER SUCCESS] 2025-12-27T17:55:14.972547882 | Method: RoomCategoryController.paginateCategories(..) | Returned: Page 1 of 1 containing com.examly.springapp.model.RoomCategory instances
]]></system-out>
  </testcase>
  <testcase name="Day9_testPagination_TotalElementsExists" classname="com.examly.springapp.SpringappApplicationTests" time="0.007">
    <system-out><![CDATA[[BEFORE] 2025-12-27T17:55:14.978747808 | Method: RoomCategoryController.paginateCategories(..) | Arguments: [0, 5]
Hibernate: select r1_0.category_id,r1_0.category_name from room_category r1_0 order by r1_0.category_id asc limit ?,?
[AFTER SUCCESS] 2025-12-27T17:55:14.981630160 | Method: RoomCategoryController.paginateCategories(..) | Returned: Page 1 of 1 containing com.examly.springapp.model.RoomCategory instances
]]></system-out>
  </testcase>
  <testcase name="Day9_testPagination_TotalPagesExists" classname="com.examly.springapp.SpringappApplicationTests" time="0.007">
    <system-out><![CDATA[[BEFORE] 2025-12-27T17:55:14.986673506 | Method: RoomCategoryController.paginateCategories(..) | Arguments: [0, 5]
Hibernate: select r1_0.category_id,r1_0.category_name from room_category r1_0 order by r1_0.category_id asc limit ?,?
[AFTER SUCCESS] 2025-12-27T17:55:14.989470043 | Method: RoomCategoryController.paginateCategories(..) | Returned: Page 1 of 1 containing com.examly.springapp.model.RoomCategory instances
]]></system-out>
  </testcase>
  <testcase name="Day10_testAddRoom" classname="com.examly.springapp.SpringappApplicationTests" time="0.015">
    <system-out><![CDATA[[BEFORE] 2025-12-27T17:55:14.996823768 | Method: RoomController.createRoom(..) | Arguments: [com.examly.springapp.model.Room@64455184]
Hibernate: insert into room (available, price_per_night, room_category_category_id, room_number) values (?, ?, ?, ?)
[PERFORMANCE] Method: RoomServiceImpl.save(..) | Time Taken: 5 ms
[AFTER SUCCESS] 2025-12-27T17:55:15.002092893 | Method: RoomController.createRoom(..) | Returned: <201 CREATED Created,com.examly.springapp.model.Room@64455184,[]>
]]></system-out>
  </testcase>
  <testcase name="Day10_testGetAllRooms" classname="com.examly.springapp.SpringappApplicationTests" time="0.01">
    <system-out><![CDATA[[BEFORE] 2025-12-27T17:55:15.010094398 | Method: RoomController.getAllRooms() | Arguments: []
Hibernate: select r1_0.room_id,r1_0.available,r1_0.price_per_night,r1_0.room_category_category_id,r1_0.room_number from room r1_0
Hibernate: select r1_0.category_id,r1_0.category_name from room_category r1_0 where r1_0.category_id=?
[PERFORMANCE] Method: RoomServiceImpl.getAll() | Time Taken: 5 ms
[AFTER SUCCESS] 2025-12-27T17:55:15.015254596 | Method: RoomController.getAllRooms() | Returned: <200 OK OK,[com.examly.springapp.model.Room@3582077c],[]>
]]></system-out>
  </testcase>
  <testcase name="Day10_testGetRoomById" classname="com.examly.springapp.SpringappApplicationTests" time="0.008">
    <system-out><![CDATA[[BEFORE] 2025-12-27T17:55:15.021639094 | Method: RoomController.getRoomById(..) | Arguments: [1]
Hibernate: select r1_0.room_id,r1_0.available,r1_0.price_per_night,r2_0.category_id,r2_0.category_name,r1_0.room_number from room r1_0 left join room_category r2_0 on r2_0.category_id=r1_0.room_category_category_id where r1_0.room_id=?
[PERFORMANCE] Method: RoomServiceImpl.getById(..) | Time Taken: 3 ms
[AFTER SUCCESS] 2025-12-27T17:55:15.025167279 | Method: RoomController.getRoomById(..) | Returned: <200 OK OK,com.examly.springapp.model.Room@7c046af,[]>
]]></system-out>
  </testcase>
  <testcase name="Day10_testUpdateRoom" classname="com.examly.springapp.SpringappApplicationTests" time="0.011">
    <system-out><![CDATA[[BEFORE] 2025-12-27T17:55:15.031008707 | Method: RoomController.updateRoom(..) | Arguments: [1, com.examly.springapp.model.Room@61b11d35]
Hibernate: select r1_0.room_id,r1_0.available,r1_0.price_per_night,r2_0.category_id,r2_0.category_name,r1_0.room_number from room r1_0 left join room_category r2_0 on r2_0.category_id=r1_0.room_category_category_id where r1_0.room_id=?
Hibernate: update room set available=?, price_per_night=?, room_category_category_id=?, room_number=? where room_id=?
[PERFORMANCE] Method: RoomServiceImpl.update(..) | Time Taken: 5 ms
[AFTER SUCCESS] 2025-12-27T17:55:15.036565487 | Method: RoomController.updateRoom(..) | Returned: <200 OK OK,com.examly.springapp.model.Room@63ead376,[]>
]]></system-out>
  </testcase>
  <testcase name="Day10_testAddGuest" classname="com.examly.springapp.SpringappApplicationTests" time="0.011">
    <system-out><![CDATA[[BEFORE] 2025-12-27T17:55:15.042914586 | Method: GuestController.createGuest(..) | Arguments: [com.examly.springapp.model.Guest@3a034950]
Hibernate: insert into guest (email, name, phone) values (?, ?, ?)
[PERFORMANCE] Method: GuestServiceImpl.save(..) | Time Taken: 4 ms
[AFTER SUCCESS] 2025-12-27T17:55:15.046821918 | Method: GuestController.createGuest(..) | Returned: <201 CREATED Created,com.examly.springapp.model.Guest@3a034950,[]>
]]></system-out>
  </testcase>
  <testcase name="Day10_testGetAllGuests" classname="com.examly.springapp.SpringappApplicationTests" time="0.009">
    <system-out><![CDATA[[BEFORE] 2025-12-27T17:55:15.052508443 | Method: GuestController.getAllGuests() | Arguments: []
Hibernate: select g1_0.guest_id,g1_0.email,g1_0.name,g1_0.phone from guest g1_0
[PERFORMANCE] Method: GuestServiceImpl.getAll() | Time Taken: 4 ms
[AFTER SUCCESS] 2025-12-27T17:55:15.056497058 | Method: GuestController.getAllGuests() | Returned: <200 OK OK,[com.examly.springapp.model.Guest@7569bc9f],[]>
]]></system-out>
  </testcase>
  <testcase name="Day10_testGetGuestById" classname="com.examly.springapp.SpringappApplicationTests" time="0.007">
    <system-out><![CDATA[[BEFORE] 2025-12-27T17:55:15.062219683 | Method: GuestController.getGuestById(..) | Arguments: [1]
Hibernate: select g1_0.guest_id,g1_0.email,g1_0.name,g1_0.phone from guest g1_0 where g1_0.guest_id=?
[PERFORMANCE] Method: GuestServiceImpl.getById(..) | Time Taken: 3 ms
[AFTER SUCCESS] 2025-12-27T17:55:15.065163540 | Method: GuestController.getGuestById(..) | Returned: <200 OK OK,com.examly.springapp.model.Guest@28592982,[]>
]]></system-out>
  </testcase>
  <testcase name="Day10_testUpdateGuest" classname="com.examly.springapp.SpringappApplicationTests" time="0.01">
    <system-out><![CDATA[[BEFORE] 2025-12-27T17:55:15.070777834 | Method: GuestController.updateGuest(..) | Arguments: [1, com.examly.springapp.model.Guest@a703934]
Hibernate: select g1_0.guest_id,g1_0.email,g1_0.name,g1_0.phone from guest g1_0 where g1_0.guest_id=?
Hibernate: update guest set email=?, name=?, phone=? where guest_id=?
[PERFORMANCE] Method: GuestServiceImpl.update(..) | Time Taken: 5 ms
[AFTER SUCCESS] 2025-12-27T17:55:15.075563995 | Method: GuestController.updateGuest(..) | Returned: <200 OK OK,com.examly.springapp.model.Guest@6c79a7c1,[]>
]]></system-out>
  </testcase>
  <testcase name="Day11_testGetGuestsByPhone" classname="com.examly.springapp.SpringappApplicationTests" time="0.022">
    <system-out><![CDATA[[BEFORE] 2025-12-27T17:55:15.084771915 | Method: GuestController.getGuestsByPhone(..) | Arguments: [9123456789]
Hibernate: select g1_0.guest_id,g1_0.email,g1_0.name,g1_0.phone from guest g1_0 where g1_0.phone=?
[PERFORMANCE] Method: GuestServiceImpl.getByPhone(..) | Time Taken: 14 ms
[AFTER SUCCESS] 2025-12-27T17:55:15.098386343 | Method: GuestController.getGuestsByPhone(..) | Returned: <200 OK OK,[com.examly.springapp.model.Guest@5a9a187b],[]>
]]></system-out>
  </testcase>
  <testcase name="Day12_testGetRoomsByCategoryName" classname="com.examly.springapp.SpringappApplicationTests" time="0.01">
    <system-out><![CDATA[[BEFORE] 2025-12-27T17:55:15.104404565 | Method: RoomController.getRoomsByCategory(..) | Arguments: [Premium]
Hibernate: select r1_0.room_id,r1_0.available,r1_0.price_per_night,r1_0.room_category_category_id,r1_0.room_number from room r1_0 left join room_category r2_0 on r2_0.category_id=r1_0.room_category_category_id where r2_0.category_name=?
Hibernate: select r1_0.category_id,r1_0.category_name from room_category r1_0 where r1_0.category_id=?
[PERFORMANCE] Method: RoomServiceImpl.getByCategoryName(..) | Time Taken: 4 ms
[AFTER SUCCESS] 2025-12-27T17:55:15.108973453 | Method: RoomController.getRoomsByCategory(..) | Returned: <200 OK OK,[com.examly.springapp.model.Room@53b81a55],[]>
]]></system-out>
  </testcase>
  <testcase name="Day12_testGetGuestByEmail" classname="com.examly.springapp.SpringappApplicationTests" time="0.017">
    <system-out><![CDATA[[BEFORE] 2025-12-27T17:55:15.115494635 | Method: GuestController.getGuestsByEmail(..) | Arguments: [ravi@hotel.com]
Hibernate: select g1_0.guest_id,g1_0.email,g1_0.name,g1_0.phone from guest g1_0 where g1_0.email=?
[PERFORMANCE] Method: GuestServiceImpl.getByEmail(..) | Time Taken: 3 ms
[AFTER SUCCESS] 2025-12-27T17:55:15.118858738 | Method: GuestController.getGuestsByEmail(..) | Returned: <200 OK OK,[com.examly.springapp.model.Guest@321bf4b1],[]>
]]></system-out>
  </testcase>
  <testcase name="Day12_testGetGuestByPhone_NotFound" classname="com.examly.springapp.SpringappApplicationTests" time="0.007">
    <system-out><![CDATA[[BEFORE] 2025-12-27T17:55:15.133627825 | Method: GuestController.getGuestsByPhone(..) | Arguments: [9999999999]
Hibernate: select g1_0.guest_id,g1_0.email,g1_0.name,g1_0.phone from guest g1_0 where g1_0.phone=?
[PERFORMANCE] Method: GuestServiceImpl.getByPhone(..) | Time Taken: 2 ms
[AFTER SUCCESS] 2025-12-27T17:55:15.136016679 | Method: GuestController.getGuestsByPhone(..) | Returned: <204 NO_CONTENT No Content,No guest found with phone: 9999999999,[]>
]]></system-out>
  </testcase>
  <testcase name="Day12_testGetRoomByNumber" classname="com.examly.springapp.SpringappApplicationTests" time="0.029">
    <system-out><![CDATA[[BEFORE] 2025-12-27T17:55:15.141093446 | Method: RoomController.getRoomsByNumber(..) | Arguments: [102]
Hibernate: select r1_0.room_id,r1_0.available,r1_0.price_per_night,r1_0.room_category_category_id,r1_0.room_number from room r1_0 where r1_0.room_number=?
Hibernate: select r1_0.category_id,r1_0.category_name from room_category r1_0 where r1_0.category_id=?
[PERFORMANCE] Method: RoomServiceImpl.getByRoomNumber(..) | Time Taken: 24 ms
[AFTER SUCCESS] 2025-12-27T17:55:15.165960637 | Method: RoomController.getRoomsByNumber(..) | Returned: <200 OK OK,[com.examly.springapp.model.Room@6153aca1],[]>
]]></system-out>
  </testcase>
  <testcase name="Day12_testGetRoomByNumber_NotFound" classname="com.examly.springapp.SpringappApplicationTests" time="0.007">
    <system-out><![CDATA[[BEFORE] 2025-12-27T17:55:15.171860245 | Method: RoomController.getRoomsByNumber(..) | Arguments: [999]
Hibernate: select r1_0.room_id,r1_0.available,r1_0.price_per_night,r1_0.room_category_category_id,r1_0.room_number from room r1_0 where r1_0.room_number=?
[PERFORMANCE] Method: RoomServiceImpl.getByRoomNumber(..) | Time Taken: 3 ms
[AFTER SUCCESS] 2025-12-27T17:55:15.174324280 | Method: RoomController.getRoomsByNumber(..) | Returned: <404 NOT_FOUND Not Found,No room found with number: 999,[]>
]]></system-out>
  </testcase>
  <testcase name="Day13_test_execption_Directory_Exists" classname="com.examly.springapp.SpringappApplicationTests" time="0.002"/>
  <testcase name="Day13_test_GloabalEception_File_Exists" classname="com.examly.springapp.SpringappApplicationTests" time="0.002"/>
  <testcase name="Day14_test_configuartion_Directory_Exists" classname="com.examly.springapp.SpringappApplicationTests" time="0.002"/>
  <testcase name="Day15_testAOPLogFileExists" classname="com.examly.springapp.SpringappApplicationTests" time="0.001"/>
</testsuite>